[2026-03-25T18:09:35Z] Batch 1: {"status":"completed"}
[2026-03-25T18:10:59Z] Batch 2: {"status":"completed"}
[2026-03-25T18:12:10Z] Batch 3: {"status":"completed"}
[2026-03-25T18:13:33Z] Batch 4: {"status":"completed"}
[2026-03-25T18:14:48Z] Batch 5: {"status":"completed"}
[2026-03-25T18:16:08Z] Batch 6: {"status":"completed"}
[2026-03-25T18:17:26Z] Batch 7: {"status":"completed"}
[2026-03-25T18:18:42Z] Batch 8: {"status":"completed"}
[2026-03-25T18:20:03Z] Batch 9: {"status":"completed"}
[2026-03-25T18:21:24Z] Batch 10: {"status":"completed"}
[2026-03-25T18:22:40Z] Batch 11: {"status":"completed"}
[2026-03-25T18:23:57Z] Batch 12: {"status":"completed"}
[2026-03-25T18:25:16Z] Batch 13: {"status":"completed"}
[2026-03-25T18:26:34Z] Batch 14: {"status":"completed"}
[2026-03-25T18:27:58Z] Batch 15: {"status":"completed"}
[2026-03-25T18:29:18Z] Batch 16: {"status":"completed"}
[2026-03-25T18:30:37Z] Batch 17: {"status":"completed"}
[2026-03-25T18:32:04Z] Batch 18: {"status":"completed"}
[2026-03-25T18:33:27Z] Batch 19: {"status":"completed"}
[2026-03-25T18:34:51Z] Batch 20: {"status":"completed"}
[2026-03-25T18:36:06Z] Batch 21: {"status":"completed"}
[2026-03-25T18:37:24Z] Batch 22: {"status":"completed"}
[2026-03-25T18:38:38Z] Batch 23: {"status":"completed"}
[2026-03-25T18:40:01Z] Batch 24: {"status":"completed"}
[2026-03-25T18:41:34Z] Batch 25: {"status":"completed"}
[2026-03-25T18:42:51Z] Batch 26: {"status":"completed"}
[2026-03-25T18:44:11Z] Batch 27: {"status":"completed"}
[2026-03-25T18:45:28Z] Batch 28: {"status":"completed"}
[2026-03-25T18:46:51Z] Batch 29: {"status":"completed"}
[2026-03-25T18:48:16Z] Batch 30: {"status":"completed"}
[2026-03-25T18:49:26Z] Batch 31: <html>
<head><title>502 Bad Gateway</title></head>
<body>
<center><h1>502 Bad Gateway</h1></center>
<hr><center>cloudflare</center>
</body>
</html>
[2026-03-25T18:50:40Z] Batch 32: {"status":"completed"}
[2026-03-25T18:52:00Z] Batch 33: {"status":"completed"}
[2026-03-25T18:53:10Z] Batch 34: {"status":"completed"}
[2026-03-25T18:54:29Z] Batch 35: {"status":"completed"}
[2026-03-25T18:55:55Z] Batch 36: {"status":"completed"}
[2026-03-25T18:57:07Z] Batch 37: {"status":"completed"}
[2026-03-25T18:58:27Z] Batch 38: {"status":"completed"}
[2026-03-25T18:59:53Z] Batch 39: {"status":"completed"}
[2026-03-25T19:01:36Z] Batch 40: {"status":"completed"}
[2026-03-25T19:02:57Z] Batch 41: {"status":"completed"}
[2026-03-25T19:04:19Z] Batch 42: {"status":"completed"}
[2026-03-25T19:05:31Z] Batch 43: {"status":"completed"}
[2026-03-25T19:06:51Z] Batch 44: {"status":"completed"}
[2026-03-25T19:08:13Z] Batch 45: {"status":"completed"}
[2026-03-25T19:09:37Z] Batch 46: {"status":"completed"}
[2026-03-25T19:11:00Z] Batch 47: {"status":"completed"}
[2026-03-25T19:12:24Z] Batch 48: {"status":"completed"}
[2026-03-25T19:13:42Z] Batch 49: {"status":"completed"}
[2026-03-25T19:14:56Z] Batch 50: {"status":"completed"}
[2026-03-25T19:16:17Z] Batch 51: {"status":"completed"}
[2026-03-25T19:17:37Z] Batch 52: {"status":"completed"}
[2026-03-25T19:19:01Z] Batch 53: {"status":"completed"}
[2026-03-25T19:20:15Z] Batch 54: {"status":"completed"}
[2026-03-25T19:21:36Z] Batch 55: {"status":"completed"}
[2026-03-25T19:23:00Z] Batch 56: {"status":"completed"}
[2026-03-25T19:24:29Z] Batch 57: {"status":"completed"}
[2026-03-25T19:25:49Z] Batch 58: {"status":"completed"}
[2026-03-25T19:27:02Z] Batch 59: {"status":"completed"}
[2026-03-25T19:28:30Z] Batch 60: {"status":"completed"}
[2026-03-25T19:29:42Z] Batch 61: {"status":"completed"}
[2026-03-25T19:30:54Z] Batch 62: {"status":"completed"}
[2026-03-25T19:32:02Z] Batch 63: {"status":"completed"}
[2026-03-25T19:33:09Z] Batch 64: {"status":"completed"}
[2026-03-25T19:34:18Z] Batch 65: {"status":"completed"}
[2026-03-25T19:35:23Z] Batch 66: {"status":"completed"}
[2026-03-25T19:36:30Z] Batch 67: {"status":"completed"}
[2026-03-25T19:37:45Z] Batch 68: {"status":"completed"}
[2026-03-25T19:39:02Z] Batch 69: {"status":"completed"}
[2026-03-25T19:40:15Z] Batch 70: {"status":"completed"}
[2026-03-25T19:41:27Z] Batch 71: {"status":"completed"}
[2026-03-25T19:42:42Z] Batch 72: {"status":"completed"}
[2026-03-25T19:43:53Z] Batch 73: {"status":"completed"}
[2026-03-25T19:44:59Z] Batch 74: {"status":"completed"}
[2026-03-25T19:46:11Z] Batch 75: {"status":"completed"}
[2026-03-25T19:47:30Z] Batch 76: {"status":"completed"}
[2026-03-25T19:48:39Z] Batch 77: {"status":"completed"}
[2026-03-25T19:49:46Z] Batch 78: {"status":"completed"}
[2026-03-25T19:51:06Z] Batch 79: {"status":"completed"}
[2026-03-25T19:52:12Z] Batch 80: {"status":"completed"}
[2026-03-25T19:53:43Z] Batch 81: {"status":"completed"}
[2026-03-25T19:55:00Z] Batch 82: {"status":"completed"}
[2026-03-25T19:56:18Z] Batch 83: {"status":"completed"}
[2026-03-25T19:57:46Z] Batch 84: {"status":"completed"}
[2026-03-25T19:59:01Z] Batch 85: {"status":"completed"}
[2026-03-25T20:00:21Z] Batch 86: {"status":"completed"}
[2026-03-25T20:01:45Z] Batch 87: {"status":"completed"}
[2026-03-25T20:03:12Z] Batch 88: {"status":"completed"}
[2026-03-25T20:04:42Z] Batch 89: {"status":"completed"}
[2026-03-25T20:06:29Z] Batch 90: {"status":"completed"}
[2026-03-25T20:07:52Z] Batch 91: {"status":"completed"}
[2026-03-25T20:09:09Z] Batch 92: {"status":"completed"}
[2026-03-25T20:10:30Z] Batch 93: {"status":"completed"}
[2026-03-25T20:11:47Z] Batch 94: {"status":"completed"}
[2026-03-25T20:13:01Z] Batch 95: {"status":"completed"}
[2026-03-25T20:14:19Z] Batch 96: {"status":"completed"}
[2026-03-25T20:15:33Z] Batch 97: {"status":"completed"}
[2026-03-25T20:16:53Z] Batch 98: {"status":"completed"}
[2026-03-25T20:18:14Z] Batch 99: {"status":"completed"}
[2026-03-25T20:19:33Z] Batch 100: {"status":"completed"}
[2026-03-25T20:20:54Z] Batch 101: {"status":"completed"}
[2026-03-25T20:22:02Z] Batch 102: {"status":"completed"}
[2026-03-25T20:23:13Z] Batch 103: {"status":"completed"}
[2026-03-25T20:24:22Z] Batch 104: {"status":"completed"}
[2026-03-25T20:25:38Z] Batch 105: {"status":"completed"}
[2026-03-25T20:26:51Z] Batch 106: {"status":"completed"}
[2026-03-25T20:28:10Z] Batch 107: {"status":"completed"}
[2026-03-25T20:29:28Z] Batch 108: {"status":"completed"}
[2026-03-25T20:30:39Z] Batch 109: {"status":"completed"}
[2026-03-25T20:32:03Z] Batch 110: {"status":"completed"}
[2026-03-25T20:33:25Z] Batch 111: {"status":"completed"}
[2026-03-25T20:34:46Z] Batch 112: {"status":"completed"}
[2026-03-25T20:36:15Z] Batch 113: {"status":"completed"}
[2026-03-25T20:37:33Z] Batch 114: {"status":"completed"}
[2026-03-25T20:38:43Z] Batch 115: {"status":"completed"}
[2026-03-25T20:39:54Z] Batch 116: {"status":"completed"}
[2026-03-25T20:41:06Z] Batch 117: {"status":"completed"}
[2026-03-25T20:42:15Z] Batch 118: {"status":"completed"}
[2026-03-25T20:43:31Z] Batch 119: {"status":"completed"}
[2026-03-25T20:44:52Z] Batch 120: {"status":"completed"}
[2026-03-25T20:46:07Z] Batch 121: {"status":"completed"}
[2026-03-25T20:47:15Z] Batch 122: {"status":"completed"}
[2026-03-25T20:48:36Z] Batch 123: {"status":"completed"}
[2026-03-25T20:49:56Z] Batch 124: {"status":"completed"}
[2026-03-25T20:51:06Z] Batch 125: {"status":"completed"}
[2026-03-25T20:52:14Z] Batch 126: {"status":"completed"}
[2026-03-25T20:53:39Z] Batch 127: {"status":"completed"}
[2026-03-25T20:54:59Z] Batch 128: {"status":"completed"}
[2026-03-25T20:56:11Z] Batch 129: {"status":"completed"}
[2026-03-25T20:57:24Z] Batch 130: {"status":"completed"}
[2026-03-25T20:58:39Z] Batch 131: {"status":"completed"}
[2026-03-25T21:00:04Z] Batch 132: {"status":"completed"}
[2026-03-25T21:01:14Z] Batch 133: {"status":"completed"}
[2026-03-25T21:02:34Z] Batch 134: {"status":"completed"}
[2026-03-25T21:03:56Z] Batch 135: {"status":"completed"}
[2026-03-25T21:05:16Z] Batch 136: {"status":"completed"}
[2026-03-25T21:06:36Z] Batch 137: {"status":"completed"}
[2026-03-25T21:07:56Z] Batch 138: {"status":"completed"}
[2026-03-25T21:09:08Z] Batch 139: {"status":"completed"}
[2026-03-25T21:10:20Z] Batch 140: {"status":"completed"}
[2026-03-25T21:11:44Z] Batch 141: {"status":"completed"}
[2026-03-25T21:13:24Z] Batch 142: {"status":"completed"}
[2026-03-25T21:13:33Z] Batch 143: {"status":"completed"}
[2026-03-25T21:14:48Z] Batch 144: {"status":"completed"}
[2026-03-25T21:16:11Z] Batch 145: {"status":"completed"}
[2026-03-25T21:17:32Z] Batch 146: {"status":"completed"}
[2026-03-25T21:18:20Z] Batch 147: error code: 502
[2026-03-25T21:19:35Z] Batch 148: {"status":"completed"}
[2026-03-25T21:20:54Z] Batch 149: {"status":"completed"}
[2026-03-25T21:22:16Z] Batch 150: {"status":"completed"}
[2026-03-25T21:23:38Z] Batch 151: {"status":"completed"}
[2026-03-25T21:24:59Z] Batch 152: {"status":"completed"}
[2026-03-25T21:26:30Z] Batch 153: {"status":"completed"}
[2026-03-25T21:27:52Z] Batch 154: {"status":"completed"}
[2026-03-25T21:29:16Z] Batch 155: {"status":"completed"}
[2026-03-25T21:30:40Z] Batch 156: {"status":"completed"}
[2026-03-25T21:32:05Z] Batch 157: {"status":"completed"}
[2026-03-25T21:33:24Z] Batch 158: {"status":"completed"}
[2026-03-25T21:34:48Z] Batch 159: {"status":"completed"}
[2026-03-25T21:36:09Z] Batch 160: {"status":"completed"}
[2026-03-25T21:37:32Z] Batch 161: {"status":"completed"}
[2026-03-25T21:38:53Z] Batch 162: {"status":"completed"}
[2026-03-25T21:40:16Z] Batch 163: {"status":"completed"}
[2026-03-25T21:41:43Z] Batch 164: {"status":"completed"}
[2026-03-25T21:43:06Z] Batch 165: {"status":"completed"}
[2026-03-25T21:44:20Z] Batch 166: {"status":"completed"}
[2026-03-25T21:45:48Z] Batch 167: {"status":"completed"}
[2026-03-25T21:47:12Z] Batch 168: {"status":"completed"}
[2026-03-25T21:48:37Z] Batch 169: {"status":"completed"}
[2026-03-25T21:49:58Z] Batch 170: {"status":"completed"}
[2026-03-25T21:51:21Z] Batch 171: {"status":"completed"}
[2026-03-25T21:52:41Z] Batch 172: {"status":"completed"}
[2026-03-25T21:54:06Z] Batch 173: {"status":"completed"}
[2026-03-25T21:55:31Z] Batch 174: {"status":"completed"}
curl: (28) Operation timed out after 970443 milliseconds with 0 bytes received
